Active-HDL 9.3.2745.4995  2015-03-16 11:36:08

Elaboration top modules:
Architecture                  behav(cordic_tb)


---------------------------------------------------------------------------------------------
Entity      | Architecture | Library | Info | Compiler Version         | Compilation Options
---------------------------------------------------------------------------------------------
cordic_tb   | behav        | scheme  |      | 9.3.2745.4995  (Windows) | -O3
blockCordic | blockcordic  | scheme  |      | 9.3.2745.4995  (Windows) | -O3
n_mux       | rtl          | scheme  |      | 9.3.2745.4995  (Windows) | -O3
adder       | behavioural  | scheme  |      | 9.3.2745.4995  (Windows) | -O3
n_shift     | behav        | scheme  |      | 9.3.2745.4995  (Windows) | -O3
counter_new | bhv          | scheme  |      | 9.3.2745.4995  (Windows) | -O3
n_register  | behavioural  | scheme  |      | 9.3.2745.4995  (Windows) | -O3
sign        | behavioural  | scheme  |      | 9.3.2745.4995  (Windows) | -O3
rom64x32    | structural   | scheme  |      | 9.3.2745.4995  (Windows) | -O3
createAddr  | behavioural  | scheme  |      | 9.3.2745.4995  (Windows) | -O3
inverter    | behavioural  | scheme  |      | 9.3.2745.4995  (Windows) | -O3
fix_angle   | bhv          | scheme  |      | 9.3.2745.4995  (Windows) | -O3
starter     | bhv          | scheme  |      | 9.3.2745.4995  (Windows) | -O3
n_abs       | bhv          | scheme  |      | 9.3.2745.4995  (Windows) | -O3
extender    | behavioural  | scheme  |      | 9.3.2745.4995  (Windows) | -O3
divider     | bhv          | scheme  |      | 9.3.2745.4995  (Windows) | -O3
is_valid    | bhv          | scheme  |      | 9.3.2745.4995  (Windows) | -O3
fixed_shift | behav        | scheme  |      | 9.3.2745.4995  (Windows) | -O3
half_adder  | behavioural  | scheme  |      | 9.3.2745.4995  (Windows) | -O3
---------------------------------------------------------------------------------------------

---------------------------------------------------------------------------------------------
VHDL Package               | Library | Info | Compiler Version         | Compilation Options
---------------------------------------------------------------------------------------------
standard                   | std     |      |                          | 
TEXTIO                     | std     |      | 9.3.2745.4995  (Windows) |  -2008
std_logic_1164             | ieee    |      | 9.3.2745.4995  (Windows) |  -2008
NUMERIC_STD                | ieee    |      | 9.3.2745.4995  (Windows) |  -2008
STD_LOGIC_TEXTIO           | ieee    |      | 9.3.2745.4995  (Windows) | 
std_logic_arith            | ieee    |      | 9.3.2745.4995  (Windows) | 
STD_LOGIC_SIGNED           | ieee    |      | 9.3.2745.4995  (Windows) | 
STD_LOGIC_UNSIGNED         | ieee    |      | 9.3.2745.4995  (Windows) | 
---------------------------------------------------------------------------------------------

---------------------------------------------------------------------------------------------
Library                    | Comment
---------------------------------------------------------------------------------------------
ieee                       | Standard IEEE packages library
scheme                     | None
std                        | Standard VHDL library
---------------------------------------------------------------------------------------------


Simulation Options: asim -O5 +access +r +m+cordic_tb cordic_tb behav


The performance of simulation is reduced. Version Student Edition
